{"/Users/edwinchen/Downloads/app/express-songs-middleware/app.js": {"path":"/Users/edwinchen/Downloads/app/express-songs-middleware/app.js","statementMap":{"0":{"start":{"line":1,"column":16},"end":{"line":1,"column":34}},"1":{"start":{"line":2,"column":12},"end":{"line":2,"column":21}},"2":{"start":{"line":5,"column":0},"end":{"line":5,"column":24}},"3":{"start":{"line":7,"column":20},"end":{"line":7,"column":45}},"4":{"start":{"line":8,"column":0},"end":{"line":8,"column":31}},"5":{"start":{"line":10,"column":0},"end":{"line":15,"column":3}},"6":{"start":{"line":13,"column":2},"end":{"line":13,"column":36}},"7":{"start":{"line":14,"column":2},"end":{"line":14,"column":21}},"8":{"start":{"line":17,"column":0},"end":{"line":17,"column":21}}},"fnMap":{"0":{"name":"(anonymous_0)","decl":{"start":{"line":10,"column":8},"end":{"line":10,"column":9}},"loc":{"start":{"line":10,"column":38},"end":{"line":15,"column":1}},"line":10}},"branchMap":{"0":{"loc":{"start":{"line":13,"column":13},"end":{"line":13,"column":34}},"type":"binary-expr","locations":[{"start":{"line":13,"column":13},"end":{"line":13,"column":27}},{"start":{"line":13,"column":31},"end":{"line":13,"column":34}}],"line":13}},"s":{"0":1,"1":1,"2":1,"3":1,"4":1,"5":1,"6":4,"7":4,"8":1},"f":{"0":4},"b":{"0":[4,0]},"_coverageSchema":"1a1c01bbd47fc00a2c39e90264f33305004495a9","hash":"b96eb8bfd84e3c54292b4fe9c83935727a449f65"}
,"/Users/edwinchen/Downloads/app/express-songs-middleware/controllers/songs.controller.js": {"path":"/Users/edwinchen/Downloads/app/express-songs-middleware/controllers/songs.controller.js","statementMap":{"0":{"start":{"line":1,"column":0},"end":{"line":1,"column":23}},"1":{"start":{"line":2,"column":12},"end":{"line":2,"column":32}},"2":{"start":{"line":3,"column":13},"end":{"line":3,"column":50}},"3":{"start":{"line":6,"column":16},"end":{"line":9,"column":1}},"4":{"start":{"line":7,"column":21},"end":{"line":7,"column":38}},"5":{"start":{"line":8,"column":2},"end":{"line":8,"column":20}},"6":{"start":{"line":11,"column":20},"end":{"line":17,"column":1}},"7":{"start":{"line":12,"column":2},"end":{"line":16,"column":29}},"8":{"start":{"line":14,"column":6},"end":{"line":14,"column":21}},"9":{"start":{"line":16,"column":18},"end":{"line":16,"column":27}},"10":{"start":{"line":19,"column":17},"end":{"line":22,"column":1}},"11":{"start":{"line":20,"column":23},"end":{"line":20,"column":60}},"12":{"start":{"line":21,"column":2},"end":{"line":21,"column":22}},"13":{"start":{"line":24,"column":19},"end":{"line":38,"column":1}},"14":{"start":{"line":25,"column":2},"end":{"line":37,"column":29}},"15":{"start":{"line":27,"column":6},"end":{"line":35,"column":7}},"16":{"start":{"line":28,"column":8},"end":{"line":28,"column":23}},"17":{"start":{"line":30,"column":20},"end":{"line":32,"column":9}},"18":{"start":{"line":33,"column":8},"end":{"line":33,"column":29}},"19":{"start":{"line":34,"column":8},"end":{"line":34,"column":18}},"20":{"start":{"line":37,"column":18},"end":{"line":37,"column":27}},"21":{"start":{"line":40,"column":22},"end":{"line":43,"column":1}},"22":{"start":{"line":41,"column":22},"end":{"line":41,"column":57}},"23":{"start":{"line":42,"column":2},"end":{"line":42,"column":21}},"24":{"start":{"line":45,"column":22},"end":{"line":52,"column":1}},"25":{"start":{"line":46,"column":20},"end":{"line":46,"column":45}},"26":{"start":{"line":47,"column":2},"end":{"line":51,"column":29}},"27":{"start":{"line":49,"column":6},"end":{"line":49,"column":21}},"28":{"start":{"line":51,"column":18},"end":{"line":51,"column":27}},"29":{"start":{"line":54,"column":25},"end":{"line":59,"column":1}},"30":{"start":{"line":55,"column":22},"end":{"line":57,"column":4}},"31":{"start":{"line":58,"column":2},"end":{"line":58,"column":21}},"32":{"start":{"line":61,"column":19},"end":{"line":70,"column":2}},"33":{"start":{"line":72,"column":23},"end":{"line":99,"column":1}},"34":{"start":{"line":73,"column":21},"end":{"line":73,"column":29}},"35":{"start":{"line":74,"column":17},"end":{"line":74,"column":48}},"36":{"start":{"line":75,"column":2},"end":{"line":98,"column":3}},"37":{"start":{"line":76,"column":16},"end":{"line":76,"column":58}},"38":{"start":{"line":77,"column":4},"end":{"line":77,"column":25}},"39":{"start":{"line":78,"column":4},"end":{"line":78,"column":14}},"40":{"start":{"line":81,"column":22},"end":{"line":81,"column":47}},"41":{"start":{"line":82,"column":4},"end":{"line":97,"column":31}},"42":{"start":{"line":87,"column":8},"end":{"line":95,"column":9}},"43":{"start":{"line":88,"column":10},"end":{"line":88,"column":25}},"44":{"start":{"line":90,"column":22},"end":{"line":92,"column":11}},"45":{"start":{"line":93,"column":10},"end":{"line":93,"column":31}},"46":{"start":{"line":94,"column":10},"end":{"line":94,"column":20}},"47":{"start":{"line":97,"column":20},"end":{"line":97,"column":29}},"48":{"start":{"line":101,"column":18},"end":{"line":110,"column":1}},"49":{"start":{"line":102,"column":19},"end":{"line":104,"column":13}},"50":{"start":{"line":105,"column":14},"end":{"line":105,"column":15}},"51":{"start":{"line":106,"column":2},"end":{"line":108,"column":3}},"52":{"start":{"line":107,"column":4},"end":{"line":107,"column":32}},"53":{"start":{"line":109,"column":2},"end":{"line":109,"column":15}},"54":{"start":{"line":112,"column":18},"end":{"line":116,"column":1}},"55":{"start":{"line":113,"column":18},"end":{"line":113,"column":33}},"56":{"start":{"line":114,"column":21},"end":{"line":114,"column":41}},"57":{"start":{"line":115,"column":2},"end":{"line":115,"column":20}},"58":{"start":{"line":118,"column":22},"end":{"line":139,"column":1}},"59":{"start":{"line":119,"column":22},"end":{"line":119,"column":30}},"60":{"start":{"line":120,"column":17},"end":{"line":120,"column":49}},"61":{"start":{"line":121,"column":2},"end":{"line":138,"column":3}},"62":{"start":{"line":122,"column":16},"end":{"line":122,"column":58}},"63":{"start":{"line":123,"column":4},"end":{"line":123,"column":25}},"64":{"start":{"line":124,"column":4},"end":{"line":124,"column":14}},"65":{"start":{"line":127,"column":15},"end":{"line":127,"column":32}},"66":{"start":{"line":128,"column":4},"end":{"line":128,"column":24}},"67":{"start":{"line":129,"column":4},"end":{"line":137,"column":31}},"68":{"start":{"line":135,"column":8},"end":{"line":135,"column":35}},"69":{"start":{"line":137,"column":20},"end":{"line":137,"column":29}},"70":{"start":{"line":141,"column":0},"end":{"line":147,"column":2}}},"fnMap":{"0":{"name":"(anonymous_0)","decl":{"start":{"line":6,"column":16},"end":{"line":6,"column":17}},"loc":{"start":{"line":6,"column":28},"end":{"line":9,"column":1}},"line":6},"1":{"name":"(anonymous_1)","decl":{"start":{"line":11,"column":20},"end":{"line":11,"column":21}},"loc":{"start":{"line":11,"column":40},"end":{"line":17,"column":1}},"line":11},"2":{"name":"(anonymous_2)","decl":{"start":{"line":13,"column":10},"end":{"line":13,"column":11}},"loc":{"start":{"line":13,"column":18},"end":{"line":15,"column":5}},"line":13},"3":{"name":"(anonymous_3)","decl":{"start":{"line":16,"column":11},"end":{"line":16,"column":12}},"loc":{"start":{"line":16,"column":18},"end":{"line":16,"column":27}},"line":16},"4":{"name":"(anonymous_4)","decl":{"start":{"line":19,"column":17},"end":{"line":19,"column":18}},"loc":{"start":{"line":19,"column":32},"end":{"line":22,"column":1}},"line":19},"5":{"name":"(anonymous_5)","decl":{"start":{"line":24,"column":19},"end":{"line":24,"column":20}},"loc":{"start":{"line":24,"column":39},"end":{"line":38,"column":1}},"line":24},"6":{"name":"(anonymous_6)","decl":{"start":{"line":26,"column":10},"end":{"line":26,"column":11}},"loc":{"start":{"line":26,"column":18},"end":{"line":36,"column":5}},"line":26},"7":{"name":"(anonymous_7)","decl":{"start":{"line":37,"column":11},"end":{"line":37,"column":12}},"loc":{"start":{"line":37,"column":18},"end":{"line":37,"column":27}},"line":37},"8":{"name":"(anonymous_8)","decl":{"start":{"line":40,"column":22},"end":{"line":40,"column":23}},"loc":{"start":{"line":40,"column":38},"end":{"line":43,"column":1}},"line":40},"9":{"name":"(anonymous_9)","decl":{"start":{"line":45,"column":22},"end":{"line":45,"column":23}},"loc":{"start":{"line":45,"column":42},"end":{"line":52,"column":1}},"line":45},"10":{"name":"(anonymous_10)","decl":{"start":{"line":48,"column":10},"end":{"line":48,"column":11}},"loc":{"start":{"line":48,"column":18},"end":{"line":50,"column":5}},"line":48},"11":{"name":"(anonymous_11)","decl":{"start":{"line":51,"column":11},"end":{"line":51,"column":12}},"loc":{"start":{"line":51,"column":18},"end":{"line":51,"column":27}},"line":51},"12":{"name":"(anonymous_12)","decl":{"start":{"line":54,"column":25},"end":{"line":54,"column":26}},"loc":{"start":{"line":54,"column":51},"end":{"line":59,"column":1}},"line":54},"13":{"name":"(anonymous_13)","decl":{"start":{"line":72,"column":23},"end":{"line":72,"column":24}},"loc":{"start":{"line":72,"column":43},"end":{"line":99,"column":1}},"line":72},"14":{"name":"(anonymous_14)","decl":{"start":{"line":86,"column":12},"end":{"line":86,"column":13}},"loc":{"start":{"line":86,"column":20},"end":{"line":96,"column":7}},"line":86},"15":{"name":"(anonymous_15)","decl":{"start":{"line":97,"column":13},"end":{"line":97,"column":14}},"loc":{"start":{"line":97,"column":20},"end":{"line":97,"column":29}},"line":97},"16":{"name":"(anonymous_16)","decl":{"start":{"line":101,"column":18},"end":{"line":101,"column":19}},"loc":{"start":{"line":101,"column":30},"end":{"line":110,"column":1}},"line":101},"17":{"name":"(anonymous_17)","decl":{"start":{"line":112,"column":18},"end":{"line":112,"column":19}},"loc":{"start":{"line":112,"column":33},"end":{"line":116,"column":1}},"line":112},"18":{"name":"(anonymous_18)","decl":{"start":{"line":118,"column":22},"end":{"line":118,"column":23}},"loc":{"start":{"line":118,"column":48},"end":{"line":139,"column":1}},"line":118},"19":{"name":"(anonymous_19)","decl":{"start":{"line":134,"column":12},"end":{"line":134,"column":13}},"loc":{"start":{"line":134,"column":20},"end":{"line":136,"column":7}},"line":134},"20":{"name":"(anonymous_20)","decl":{"start":{"line":137,"column":13},"end":{"line":137,"column":14}},"loc":{"start":{"line":137,"column":20},"end":{"line":137,"column":29}},"line":137}},"branchMap":{"0":{"loc":{"start":{"line":27,"column":6},"end":{"line":35,"column":7}},"type":"if","locations":[{"start":{"line":27,"column":6},"end":{"line":35,"column":7}},{"start":{"line":27,"column":6},"end":{"line":35,"column":7}}],"line":27},"1":{"loc":{"start":{"line":75,"column":2},"end":{"line":98,"column":3}},"type":"if","locations":[{"start":{"line":75,"column":2},"end":{"line":98,"column":3}},{"start":{"line":75,"column":2},"end":{"line":98,"column":3}}],"line":75},"2":{"loc":{"start":{"line":87,"column":8},"end":{"line":95,"column":9}},"type":"if","locations":[{"start":{"line":87,"column":8},"end":{"line":95,"column":9}},{"start":{"line":87,"column":8},"end":{"line":95,"column":9}}],"line":87},"3":{"loc":{"start":{"line":106,"column":2},"end":{"line":108,"column":3}},"type":"if","locations":[{"start":{"line":106,"column":2},"end":{"line":108,"column":3}},{"start":{"line":106,"column":2},"end":{"line":108,"column":3}}],"line":106},"4":{"loc":{"start":{"line":121,"column":2},"end":{"line":138,"column":3}},"type":"if","locations":[{"start":{"line":121,"column":2},"end":{"line":138,"column":3}},{"start":{"line":121,"column":2},"end":{"line":138,"column":3}}],"line":121}},"s":{"0":1,"1":1,"2":1,"3":1,"4":1,"5":1,"6":1,"7":1,"8":1,"9":0,"10":1,"11":3,"12":3,"13":1,"14":3,"15":3,"16":2,"17":1,"18":1,"19":1,"20":0,"21":1,"22":1,"23":1,"24":1,"25":1,"26":1,"27":1,"28":0,"29":1,"30":2,"31":2,"32":1,"33":1,"34":3,"35":3,"36":3,"37":1,"38":1,"39":1,"40":2,"41":2,"42":2,"43":1,"44":1,"45":1,"46":1,"47":0,"48":1,"49":2,"50":2,"51":2,"52":1,"53":2,"54":1,"55":2,"56":2,"57":2,"58":1,"59":3,"60":3,"61":3,"62":1,"63":1,"64":1,"65":2,"66":2,"67":2,"68":2,"69":0,"70":1},"f":{"0":1,"1":1,"2":1,"3":0,"4":3,"5":3,"6":3,"7":0,"8":1,"9":1,"10":1,"11":0,"12":2,"13":3,"14":2,"15":0,"16":2,"17":2,"18":3,"19":2,"20":0},"b":{"0":[2,1],"1":[1,2],"2":[1,1],"3":[1,1],"4":[1,2]},"_coverageSchema":"1a1c01bbd47fc00a2c39e90264f33305004495a9","hash":"e8f4a5b1a1d2a169021397eff9d556cf462d87aa"}
,"/Users/edwinchen/Downloads/app/express-songs-middleware/models/simpleSong.model.js": {"path":"/Users/edwinchen/Downloads/app/express-songs-middleware/models/simpleSong.model.js","statementMap":{"0":{"start":{"line":1,"column":17},"end":{"line":1,"column":36}},"1":{"start":{"line":2,"column":15},"end":{"line":2,"column":30}},"2":{"start":{"line":4,"column":25},"end":{"line":22,"column":2}},"3":{"start":{"line":24,"column":19},"end":{"line":24,"column":65}},"4":{"start":{"line":25,"column":0},"end":{"line":25,"column":28}}},"fnMap":{},"branchMap":{},"s":{"0":1,"1":1,"2":1,"3":1,"4":1},"f":{},"b":{},"_coverageSchema":"1a1c01bbd47fc00a2c39e90264f33305004495a9","hash":"d8bc0261db1b9111d9190e193f2e571e87af70e5"}
,"/Users/edwinchen/Downloads/app/express-songs-middleware/routes/songs.js": {"path":"/Users/edwinchen/Downloads/app/express-songs-middleware/routes/songs.js","statementMap":{"0":{"start":{"line":1,"column":16},"end":{"line":1,"column":34}},"1":{"start":{"line":2,"column":15},"end":{"line":2,"column":31}},"2":{"start":{"line":3,"column":31},"end":{"line":3,"column":57}},"3":{"start":{"line":10,"column":4},"end":{"line":10,"column":46}},"4":{"start":{"line":12,"column":0},"end":{"line":12,"column":28}},"5":{"start":{"line":14,"column":0},"end":{"line":14,"column":35}},"6":{"start":{"line":16,"column":0},"end":{"line":16,"column":41}},"7":{"start":{"line":18,"column":0},"end":{"line":18,"column":59}},"8":{"start":{"line":20,"column":0},"end":{"line":20,"column":51}},"9":{"start":{"line":22,"column":0},"end":{"line":22,"column":24}}},"fnMap":{},"branchMap":{},"s":{"0":1,"1":1,"2":1,"3":1,"4":1,"5":1,"6":1,"7":1,"8":1,"9":1},"f":{},"b":{},"_coverageSchema":"1a1c01bbd47fc00a2c39e90264f33305004495a9","hash":"ae91409f6ac93c3734ec638213f0e605aad28beb"}
,"/Users/edwinchen/Downloads/app/express-songs-middleware/test/mongoose.js": {"path":"/Users/edwinchen/Downloads/app/express-songs-middleware/test/mongoose.js","statementMap":{"0":{"start":{"line":1,"column":17},"end":{"line":1,"column":36}},"1":{"start":{"line":3,"column":25},"end":{"line":6,"column":1}},"2":{"start":{"line":5,"column":2},"end":{"line":5,"column":30}},"3":{"start":{"line":7,"column":0},"end":{"line":7,"column":38}}},"fnMap":{"0":{"name":"(anonymous_0)","decl":{"start":{"line":3,"column":25},"end":{"line":3,"column":26}},"loc":{"start":{"line":3,"column":37},"end":{"line":6,"column":1}},"line":3}},"branchMap":{},"s":{"0":1,"1":1,"2":1,"3":1},"f":{"0":1},"b":{},"_coverageSchema":"1a1c01bbd47fc00a2c39e90264f33305004495a9","hash":"5c08a641de2be58b31159dba7bf19b4e3ec3faed"}
,"/Users/edwinchen/Downloads/app/express-songs-middleware/utils/db.js": {"path":"/Users/edwinchen/Downloads/app/express-songs-middleware/utils/db.js","statementMap":{"0":{"start":{"line":2,"column":17},"end":{"line":2,"column":36}},"1":{"start":{"line":4,"column":21},"end":{"line":9,"column":1}},"2":{"start":{"line":12,"column":15},"end":{"line":12,"column":22}},"3":{"start":{"line":13,"column":14},"end":{"line":13,"column":78}},"4":{"start":{"line":14,"column":0},"end":{"line":14,"column":38}},"5":{"start":{"line":15,"column":11},"end":{"line":15,"column":30}},"6":{"start":{"line":20,"column":0},"end":{"line":20,"column":65}},"7":{"start":{"line":21,"column":0},"end":{"line":23,"column":3}},"8":{"start":{"line":22,"column":2},"end":{"line":22,"column":50}}},"fnMap":{"0":{"name":"(anonymous_0)","decl":{"start":{"line":21,"column":16},"end":{"line":21,"column":17}},"loc":{"start":{"line":21,"column":22},"end":{"line":23,"column":1}},"line":21}},"branchMap":{"0":{"loc":{"start":{"line":13,"column":14},"end":{"line":13,"column":78}},"type":"binary-expr","locations":[{"start":{"line":13,"column":14},"end":{"line":13,"column":37}},{"start":{"line":13,"column":41},"end":{"line":13,"column":78}}],"line":13}},"s":{"0":1,"1":1,"2":1,"3":1,"4":1,"5":1,"6":1,"7":1,"8":1},"f":{"0":1},"b":{"0":[1,0]},"_coverageSchema":"1a1c01bbd47fc00a2c39e90264f33305004495a9","hash":"73f8b2b991c0eb56d28d640e1c80eb72a6645efd"}
,"/Users/edwinchen/Downloads/app/express-songs-middleware/utils/helper.js": {"path":"/Users/edwinchen/Downloads/app/express-songs-middleware/utils/helper.js","statementMap":{"0":{"start":{"line":1,"column":27},"end":{"line":7,"column":1}},"1":{"start":{"line":2,"column":2},"end":{"line":6,"column":3}},"2":{"start":{"line":3,"column":4},"end":{"line":3,"column":59}},"3":{"start":{"line":5,"column":4},"end":{"line":5,"column":11}},"4":{"start":{"line":9,"column":0},"end":{"line":9,"column":40}}},"fnMap":{"0":{"name":"(anonymous_0)","decl":{"start":{"line":1,"column":27},"end":{"line":1,"column":28}},"loc":{"start":{"line":1,"column":47},"end":{"line":7,"column":1}},"line":1}},"branchMap":{"0":{"loc":{"start":{"line":2,"column":2},"end":{"line":6,"column":3}},"type":"if","locations":[{"start":{"line":2,"column":2},"end":{"line":6,"column":3}},{"start":{"line":2,"column":2},"end":{"line":6,"column":3}}],"line":2}},"s":{"0":1,"1":7,"2":1,"3":6,"4":1},"f":{"0":7},"b":{"0":[1,6]},"_coverageSchema":"1a1c01bbd47fc00a2c39e90264f33305004495a9","hash":"b7ef3cbb8f637f598024a2fad572e9e7da66c495"}
}
