TN:
SF:app.js
FN:10,(anonymous_0)
FNF:1
FNH:1
FNDA:6,(anonymous_0)
DA:1,1
DA:2,1
DA:5,1
DA:7,1
DA:8,1
DA:10,1
DA:13,6
DA:14,6
DA:17,1
LF:9
LH:9
BRDA:13,0,0,6
BRDA:13,0,1,2
BRF:2
BRH:2
end_of_record
TN:
SF:controllers/songs.controller.js
FN:6,(anonymous_0)
FN:11,(anonymous_1)
FN:13,(anonymous_2)
FN:16,(anonymous_3)
FN:19,(anonymous_4)
FN:24,(anonymous_5)
FN:26,(anonymous_6)
FN:37,(anonymous_7)
FN:40,(anonymous_8)
FN:45,(anonymous_9)
FN:48,(anonymous_10)
FN:51,(anonymous_11)
FN:54,(anonymous_12)
FN:72,(anonymous_13)
FN:86,(anonymous_14)
FN:97,(anonymous_15)
FN:101,(anonymous_16)
FN:112,(anonymous_17)
FN:118,(anonymous_18)
FN:134,(anonymous_19)
FN:137,(anonymous_20)
FNF:21
FNH:18
FNDA:1,(anonymous_0)
FNDA:1,(anonymous_1)
FNDA:1,(anonymous_2)
FNDA:0,(anonymous_3)
FNDA:3,(anonymous_4)
FNDA:3,(anonymous_5)
FNDA:3,(anonymous_6)
FNDA:0,(anonymous_7)
FNDA:1,(anonymous_8)
FNDA:1,(anonymous_9)
FNDA:1,(anonymous_10)
FNDA:0,(anonymous_11)
FNDA:3,(anonymous_12)
FNDA:4,(anonymous_13)
FNDA:2,(anonymous_14)
FNDA:1,(anonymous_15)
FNDA:3,(anonymous_16)
FNDA:3,(anonymous_17)
FNDA:4,(anonymous_18)
FNDA:2,(anonymous_19)
FNDA:1,(anonymous_20)
DA:1,1
DA:2,1
DA:3,1
DA:6,1
DA:7,1
DA:8,1
DA:11,1
DA:12,1
DA:14,1
DA:16,0
DA:19,1
DA:20,3
DA:21,3
DA:24,1
DA:25,3
DA:27,3
DA:28,2
DA:30,1
DA:33,1
DA:34,1
DA:37,0
DA:40,1
DA:41,1
DA:42,1
DA:45,1
DA:46,1
DA:47,1
DA:49,1
DA:51,0
DA:54,1
DA:55,3
DA:58,2
DA:61,1
DA:72,1
DA:73,4
DA:74,4
DA:75,4
DA:76,1
DA:77,1
DA:78,1
DA:81,3
DA:82,3
DA:87,2
DA:88,1
DA:90,1
DA:93,1
DA:94,1
DA:97,1
DA:101,1
DA:102,3
DA:105,3
DA:106,3
DA:107,2
DA:109,3
DA:112,1
DA:113,3
DA:114,3
DA:115,2
DA:118,1
DA:119,4
DA:120,4
DA:121,4
DA:122,1
DA:123,1
DA:124,1
DA:127,3
DA:128,3
DA:129,3
DA:135,2
DA:137,1
DA:141,1
LF:71
LH:68
BRDA:27,0,0,2
BRDA:27,0,1,1
BRDA:75,1,0,1
BRDA:75,1,1,3
BRDA:87,2,0,1
BRDA:87,2,1,1
BRDA:106,3,0,2
BRDA:106,3,1,1
BRDA:121,4,0,1
BRDA:121,4,1,3
BRF:10
BRH:10
end_of_record
TN:
SF:models/simpleSong.model.js
FNF:0
FNH:0
DA:1,1
DA:2,1
DA:4,1
DA:24,1
DA:25,1
LF:5
LH:5
BRF:0
BRH:0
end_of_record
TN:
SF:routes/songs.js
FNF:0
FNH:0
DA:1,1
DA:2,1
DA:3,1
DA:10,1
DA:12,1
DA:14,1
DA:16,1
DA:18,1
DA:20,1
DA:22,1
LF:10
LH:10
BRF:0
BRH:0
end_of_record
TN:
SF:test/mongoose.js
FN:3,(anonymous_0)
FNF:1
FNH:1
FNDA:1,(anonymous_0)
DA:1,1
DA:3,1
DA:5,1
DA:7,1
LF:4
LH:4
BRF:0
BRH:0
end_of_record
TN:
SF:utils/db.js
FN:21,(anonymous_0)
FNF:1
FNH:1
FNDA:1,(anonymous_0)
DA:2,1
DA:4,1
DA:12,1
DA:13,1
DA:14,1
DA:15,1
DA:20,1
DA:21,1
DA:22,1
LF:9
LH:9
BRDA:13,0,0,1
BRDA:13,0,1,0
BRF:2
BRH:1
end_of_record
TN:
SF:utils/helper.js
FN:1,(anonymous_0)
FNF:1
FNH:1
FNDA:9,(anonymous_0)
DA:1,1
DA:2,9
DA:3,1
DA:5,8
DA:9,1
LF:5
LH:5
BRDA:2,0,0,1
BRDA:2,0,1,8
BRF:2
BRH:2
end_of_record
